#
# A fatal error has been detected by the Java Runtime Environment:
#
#  EXCEPTION_ACCESS_VIOLATION (0xc0000005) at pc=0x0000000058e8d5e6, pid=16892, tid=2200
#
# JRE version: Java(TM) SE Runtime Environment (10.0.2+13) (build 10.0.2+13)
# Java VM: Java HotSpot(TM) 64-Bit Server VM (10.0.2+13, mixed mode, tiered, compressed oops, g1 gc, windows-amd64)
# Problematic frame:
# V  [jvm.dll+0x61d5e6]
#
# No core dump will be written. Minidumps are not enabled by default on client versions of Windows
#
# If you would like to submit a bug report, please visit:
#   http://bugreport.java.com/bugreport/crash.jsp
#

---------------  S U M M A R Y ------------

Command Line: -agentlib:jdwp=transport=dt_socket,address=127.0.0.1:51099,suspend=y,server=n -ea -Didea.test.cyclic.buffer.size=1048576 -javaagent:C:\Users\PRAMOD~1\AppData\Local\Temp\captureAgent523jars\debugger-agent.jar=file:/C:/Users/PRAMOD~1/AppData/Local/Temp/capture.props -Dfile.encoding=UTF-8 com.intellij.rt.execution.junit.JUnitStarter -ideVersion5 -junit4 sandboxTest,startWebDriver

Host: Intel(R) Core(TM) i7-8809G CPU @ 3.10GHz, 8 cores, 15G,  Windows 10 , 64 bit Build 17134 (10.0.17134.1)
Time: Sun Oct 14 15:41:53 2018 W. Europe Daylight Time elapsed time: 873 seconds (0d 0h 14m 33s)

---------------  T H R E A D  ---------------

Current thread (0x000002aa67eee800):  VMThread "VM Thread" [stack: 0x000000c9ea200000,0x000000c9ea300000] [id=2200]

Stack: [0x000000c9ea200000,0x000000c9ea300000],  sp=0x000000c9ea2febf0,  free space=1018k
Native frames: (J=compiled Java code, j=interpreted, Vv=VM code, C=native code)
V  [jvm.dll+0x61d5e6]
V  [jvm.dll+0x31dcf3]
V  [jvm.dll+0x31fd53]
V  [jvm.dll+0x32034e]
V  [jvm.dll+0x31da85]
V  [jvm.dll+0x31cee3]
V  [jvm.dll+0x59097f]
V  [jvm.dll+0x590d66]
V  [jvm.dll+0x590b26]
V  [jvm.dll+0x55c148]
V  [jvm.dll+0x473bca]
V  [jvm.dll+0x6c47bc]
V  [jvm.dll+0x6c2f25]
V  [jvm.dll+0x6c3730]
V  [jvm.dll+0x6c3a6c]
V  [jvm.dll+0x59f4b0]
C  [msvcr120.dll+0x24f7f]
C  [msvcr120.dll+0x25126]
C  [KERNEL32.DLL+0x13034]
C  [ntdll.dll+0x71461]


siginfo: EXCEPTION_ACCESS_VIOLATION (0xc0000005), reading address 0x0000000000000006


Register to memory mapping:

RIP=0x0000000058e8d5e6 jvm.dll
RAX=0x0000000000000000 is an unknown value
RBX=0x0000000000000000 is an unknown value
RCX=0x000000c9ea2fec50 is an unknown value
RDX=0x0000000000000000 is an unknown value
RSP=0x000000c9ea2febf0 is an unknown value
RBP=0x000000c9ea2ff170 is an unknown value
RSI=0x0000000000000000 is an unknown value
RDI=0x000000c9ea2ff2f0 is an unknown value
R8 =0x0000000000000000 is an unknown value
R9 =0x000002aa6ad60850 is pointing into metadata
R10={method} {0x000002aa6ad612e8} 'startWebDriver' '()V' in 'sandboxTest'
R11=0x000000c9ea2ff0b0 is an unknown value
R12=0x0000000058fed601 jvm.dll
R13=0x0000000000000000 is an unknown value
R14=0x0000000000000000 is an unknown value
R15=0x0000000000000000 is an unknown value


Registers:
RAX=0x0000000000000000, RBX=0x0000000000000000, RCX=0x000000c9ea2fec50, RDX=0x0000000000000000
RSP=0x000000c9ea2febf0, RBP=0x000000c9ea2ff170, RSI=0x0000000000000000, RDI=0x000000c9ea2ff2f0
R8 =0x0000000000000000, R9 =0x000002aa6ad60850, R10=0x000002aa6ad612e0, R11=0x000000c9ea2ff0b0
R12=0x0000000058fed601, R13=0x0000000000000000, R14=0x0000000000000000, R15=0x0000000000000000
RIP=0x0000000058e8d5e6, EFLAGS=0x0000000000010206

Top of Stack: (sp=0x000000c9ea2febf0)
0x000000c9ea2febf0:   000000c9ea2fec50 0000000058e8db51
0x000000c9ea2fec00:   000002aa67e4c978 00000000000003d8
0x000000c9ea2fec10:   0000000000000000 0000000058b8dcf3
0x000000c9ea2fec20:   0000000000000000 000000c9ea2ff2f0
0x000000c9ea2fec30:   000000c9ea2fec90 000000c9ea2ff230
0x000000c9ea2fec40:   000002aa67e4c8bc 0000000000000000
0x000000c9ea2fec50:   0000000059038488 0000000000000000
0x000000c9ea2fec60:   0000000000000000 000000c90000000e
0x000000c9ea2fec70:   000000c9ea2fec80 0000000000000000
0x000000c9ea2fec80:   0000000000000000 0000000000000008
0x000000c9ea2fec90:   4fffffff4fffffff 000002aa6b095558
0x000000c9ea2feca0:   0000000000000002 000000000000000e
0x000000c9ea2fecb0:   000000c9ea2fecd0 0000000000000001
0x000000c9ea2fecc0:   0000000000000000 00000000000003d8
0x000000c9ea2fecd0:   4fffffff4fffffff 2fffffff2fffffff
0x000000c9ea2fece0:   000000c9ea2ff2f0 0000000058e8d7ac 

Instructions: (pc=0x0000000058e8d5e6)
0x0000000058e8d5c6:   61 00 8d d5 61 00 cc cc cc cc 40 53 48 83 ec 20
0x0000000058e8d5d6:   48 8b 41 08 c7 41 10 00 00 00 00 48 89 7c 24 38
0x0000000058e8d5e6:   80 78 06 28 48 8b d9 74 22 41 b9 28 00 00 00 4c
0x0000000058e8d5f6:   8d 05 64 38 1f 00 48 8d 0d 6d 38 1f 00 41 8d 51 


VM_Operation (0x000000c9eacff5a0): GetOrSetLocal, mode: safepoint, requested by thread 0x000002aa6b71a800


---------------  P R O C E S S  ---------------

Threads class SMR info:
_java_thread_list=0x000002aa6c166390, length=18, elements={
0x000002aa43eee000, 0x000002aa67ef5000, 0x000002aa67efe000, 0x000002aa6b1d1800,
0x000002aa6b1d2000, 0x000002aa6b1d7000, 0x000002aa6b1d9800, 0x000002aa6b1da800,
0x000002aa6b1de800, 0x000002aa6b1e9800, 0x000002aa6b71a800, 0x000002aa6b8a5800,
0x000002aa6b707000, 0x000002aa6b9cf000, 0x000002aa6b6ab000, 0x000002aa6bc54800,
0x000002aa6c480800, 0x000002aa6c882000
}

Java Threads: ( => current thread )
  0x000002aa43eee000 JavaThread "main" [_thread_blocked, id=16996, stack(0x000000c9e8d00000,0x000000c9e8e00000)]
  0x000002aa67ef5000 JavaThread "Reference Handler" daemon [_thread_blocked, id=1064, stack(0x000000c9ea300000,0x000000c9ea400000)]
  0x000002aa67efe000 JavaThread "Finalizer" daemon [_thread_blocked, id=8964, stack(0x000000c9ea400000,0x000000c9ea500000)]
  0x000002aa6b1d1800 JavaThread "Signal Dispatcher" daemon [_thread_blocked, id=4216, stack(0x000000c9ea500000,0x000000c9ea600000)]
  0x000002aa6b1d2000 JavaThread "Attach Listener" daemon [_thread_blocked, id=1768, stack(0x000000c9ea600000,0x000000c9ea700000)]
  0x000002aa6b1d7000 JavaThread "C2 CompilerThread0" daemon [_thread_blocked, id=19820, stack(0x000000c9ea700000,0x000000c9ea800000)]
  0x000002aa6b1d9800 JavaThread "C2 CompilerThread1" daemon [_thread_blocked, id=17748, stack(0x000000c9ea800000,0x000000c9ea900000)]
  0x000002aa6b1da800 JavaThread "C2 CompilerThread2" daemon [_thread_blocked, id=18048, stack(0x000000c9ea900000,0x000000c9eaa00000)]
  0x000002aa6b1de800 JavaThread "C1 CompilerThread3" daemon [_thread_blocked, id=4132, stack(0x000000c9eaa00000,0x000000c9eab00000)]
  0x000002aa6b1e9800 JavaThread "Sweeper thread" daemon [_thread_blocked, id=4940, stack(0x000000c9eab00000,0x000000c9eac00000)]
  0x000002aa6b71a800 JavaThread "JDWP Transport Listener: dt_socket" daemon [_thread_blocked, id=10284, stack(0x000000c9eac00000,0x000000c9ead00000)] _threads_hazard_ptr=0x000002aa6c166390
  0x000002aa6b8a5800 JavaThread "JDWP Event Helper Thread" daemon [_thread_blocked, id=4508, stack(0x000000c9ead00000,0x000000c9eae00000)]
  0x000002aa6b707000 JavaThread "JDWP Command Reader" daemon [_thread_in_native, id=14012, stack(0x000000c9eae00000,0x000000c9eaf00000)]
  0x000002aa6b9cf000 JavaThread "Common-Cleaner" daemon [_thread_blocked, id=3332, stack(0x000000c9eaf00000,0x000000c9eb000000)]
  0x000002aa6b6ab000 JavaThread "Service Thread" daemon [_thread_blocked, id=10680, stack(0x000000c9eb000000,0x000000c9eb100000)]
  0x000002aa6bc54800 JavaThread "Exec Default Executor" daemon [_thread_in_native, id=11172, stack(0x000000c9eb200000,0x000000c9eb300000)]
  0x000002aa6c480800 JavaThread "Exec Stream Pumper" daemon [_thread_in_native, id=20888, stack(0x000000c9eb300000,0x000000c9eb400000)]
  0x000002aa6c882000 JavaThread "Exec Stream Pumper" daemon [_thread_in_native, id=12168, stack(0x000000c9eb400000,0x000000c9eb500000)]

Other Threads:
=>0x000002aa67eee800 VMThread "VM Thread" [stack: 0x000000c9ea200000,0x000000c9ea300000] [id=2200]
  0x000002aa6b98e000 WatcherThread [stack: 0x000000c9eb100000,0x000000c9eb200000] [id=10748]
  0x000002aa43f07000 GCTaskThread "GC Thread#0" [stack: 0x000000c9e8e00000,0x000000c9e8f00000] [id=15604]
  0x000002aa43f08800 GCTaskThread "GC Thread#1" [stack: 0x000000c9e8f00000,0x000000c9e9000000] [id=19184]
  0x000002aa43f0a000 GCTaskThread "GC Thread#2" [stack: 0x000000c9e9000000,0x000000c9e9100000] [id=18152]
  0x000002aa43f0c800 GCTaskThread "GC Thread#3" [stack: 0x000000c9e9100000,0x000000c9e9200000] [id=11356]
  0x000002aa43f12800 GCTaskThread "GC Thread#4" [stack: 0x000000c9e9200000,0x000000c9e9300000] [id=7976]
  0x000002aa43f16000 GCTaskThread "GC Thread#5" [stack: 0x000000c9e9300000,0x000000c9e9400000] [id=20600]
  0x000002aa43f18800 GCTaskThread "GC Thread#6" [stack: 0x000000c9e9400000,0x000000c9e9500000] [id=6368]
  0x000002aa43f1a000 GCTaskThread "GC Thread#7" [stack: 0x000000c9e9500000,0x000000c9e9600000] [id=15312]
  0x000002aa43f75000 ConcurrentGCThread "G1 Main Marker" [stack: 0x000000c9e9600000,0x000000c9e9700000] [id=17724]
  0x000002aa43f76000 ConcurrentGCThread "G1 Conc#0" [stack: 0x000000c9e9700000,0x000000c9e9800000] [id=2140]
  0x000002aa43f78800 ConcurrentGCThread "G1 Conc#1" [stack: 0x000000c9e9800000,0x000000c9e9900000] [id=20836]
  0x000002aa67e40800 ConcurrentGCThread "G1 Refine#0" [stack: 0x000000c9e9900000,0x000000c9e9a00000] [id=7904]
  0x000002aa67e43000 ConcurrentGCThread "G1 Refine#1" [stack: 0x000000c9e9a00000,0x000000c9e9b00000] [id=16120]
  0x000002aa67e44000 ConcurrentGCThread "G1 Refine#2" [stack: 0x000000c9e9b00000,0x000000c9e9c00000] [id=6468]
  0x000002aa67e45000 ConcurrentGCThread "G1 Refine#3" [stack: 0x000000c9e9c00000,0x000000c9e9d00000] [id=12156]
  0x000002aa67e49000 ConcurrentGCThread "G1 Refine#4" [stack: 0x000000c9e9d00000,0x000000c9e9e00000] [id=4260]
  0x000002aa67e4b000 ConcurrentGCThread "G1 Refine#5" [stack: 0x000000c9e9e00000,0x000000c9e9f00000] [id=13672]
  0x000002aa67e55800 ConcurrentGCThread "G1 Refine#6" [stack: 0x000000c9e9f00000,0x000000c9ea000000] [id=9696]
  0x000002aa67e5b000 ConcurrentGCThread "G1 Refine#7" [stack: 0x000000c9ea000000,0x000000c9ea100000] [id=19696]
  0x000002aa67e60800 ConcurrentGCThread "G1 Young RemSet Sampling" [stack: 0x000000c9ea100000,0x000000c9ea200000] [id=1816]

Threads with active compile tasks:

VM state:at safepoint (normal execution)

VM Mutex/Monitor currently owned by a thread:  ([mutex/lock_event])
[0x000002aa43eec4c0] Threads_lock - owner thread: 0x000002aa67eee800

Heap address: 0x00000006c1400000, size: 4076 MB, Compressed Oops mode: Zero based, Oop shift amount: 3
Narrow klass base: 0x0000000000000000, Narrow klass shift: 3
Compressed class space size: 1073741824 Address: 0x00000007c0000000

Heap:
 garbage-first heap   total 262144K, used 26513K [0x00000006c1400000, 0x00000007c0000000)
  region size 1024K, 25 young (25600K), 3 survivors (3072K)
 Metaspace       used 18689K, capacity 18972K, committed 19200K, reserved 1067008K
  class space    used 1938K, capacity 2023K, committed 2048K, reserved 1048576K
Heap Regions: E=young(eden), S=young(survivor), O=old, HS=humongous(starts), HC=humongous(continues), CS=collection set, F=free, A=archive, TS=gc time stamp, AC=allocation context, TAMS=top-at-mark-start (previous, next)
|   0|0x00000006c1400000, 0x00000006c1500000, 0x00000006c1500000|100%| O|  |TS  1|AC  0|TAMS 0x00000006c1400000, 0x00000006c1400000|
|   1|0x00000006c1500000, 0x00000006c15e4400, 0x00000006c1600000| 89%| O|  |TS  1|AC  0|TAMS 0x00000006c1500000, 0x00000006c1500000|
|   2|0x00000006c1600000, 0x00000006c1600000, 0x00000006c1700000|  0%| F|  |TS  0|AC  0|TAMS 0x00000006c1600000, 0x00000006c1600000|
|   3|0x00000006c1700000, 0x00000006c1700000, 0x00000006c1800000|  0%| F|  |TS  0|AC  0|TAMS 0x00000006c1700000, 0x00000006c1700000|
|   4|0x00000006c1800000, 0x00000006c1800000, 0x00000006c1900000|  0%| F|  |TS  0|AC  0|TAMS 0x00000006c1800000, 0x00000006c1800000|
|   5|0x00000006c1900000, 0x00000006c1900000, 0x00000006c1a00000|  0%| F|  |TS  0|AC  0|TAMS 0x00000006c1900000, 0x00000006c1900000|
|   6|0x00000006c1a00000, 0x00000006c1a00000, 0x00000006c1b00000|  0%| F|  |TS  0|AC  0|TAMS 0x00000006c1a00000, 0x00000006c1a00000|
|   7|0x00000006c1b00000, 0x00000006c1b00000, 0x00000006c1c00000|  0%| F|  |TS  0|AC  0|TAMS 0x00000006c1b00000, 0x00000006c1b00000|
|   8|0x00000006c1c00000, 0x00000006c1c00000, 0x00000006c1d00000|  0%| F|  |TS  0|AC  0|TAMS 0x00000006c1c00000, 0x00000006c1c00000|
|   9|0x00000006c1d00000, 0x00000006c1d00000, 0x00000006c1e00000|  0%| F|  |TS  0|AC  0|TAMS 0x00000006c1d00000, 0x00000006c1d00000|
|  10|0x00000006c1e00000, 0x00000006c1e00000, 0x00000006c1f00000|  0%| F|  |TS  0|AC  0|TAMS 0x00000006c1e00000, 0x00000006c1e00000|
|  11|0x00000006c1f00000, 0x00000006c1f00000, 0x00000006c2000000|  0%| F|  |TS  0|AC  0|TAMS 0x00000006c1f00000, 0x00000006c1f00000|
|  12|0x00000006c2000000, 0x00000006c2000000, 0x00000006c2100000|  0%| F|  |TS  0|AC  0|TAMS 0x00000006c2000000, 0x00000006c2000000|
|  13|0x00000006c2100000, 0x00000006c2100000, 0x00000006c2200000|  0%| F|  |TS  0|AC  0|TAMS 0x00000006c2100000, 0x00000006c2100000|
|  14|0x00000006c2200000, 0x00000006c2200000, 0x00000006c2300000|  0%| F|  |TS  0|AC  0|TAMS 0x00000006c2200000, 0x00000006c2200000|
|  15|0x00000006c2300000, 0x00000006c2300000, 0x00000006c2400000|  0%| F|  |TS  0|AC  0|TAMS 0x00000006c2300000, 0x00000006c2300000|
|  16|0x00000006c2400000, 0x00000006c2400000, 0x00000006c2500000|  0%| F|  |TS  0|AC  0|TAMS 0x00000006c2400000, 0x00000006c2400000|
|  17|0x00000006c2500000, 0x00000006c2500000, 0x00000006c2600000|  0%| F|  |TS  0|AC  0|TAMS 0x00000006c2500000, 0x00000006c2500000|
|  18|0x00000006c2600000, 0x00000006c2600000, 0x00000006c2700000|  0%| F|  |TS  0|AC  0|TAMS 0x00000006c2600000, 0x00000006c2600000|
|  19|0x00000006c2700000, 0x00000006c2700000, 0x00000006c2800000|  0%| F|  |TS  0|AC  0|TAMS 0x00000006c2700000, 0x00000006c2700000|
|  20|0x00000006c2800000, 0x00000006c2800000, 0x00000006c2900000|  0%| F|  |TS  0|AC  0|TAMS 0x00000006c2800000, 0x00000006c2800000|
|  21|0x00000006c2900000, 0x00000006c2900000, 0x00000006c2a00000|  0%| F|  |TS  0|AC  0|TAMS 0x00000006c2900000, 0x00000006c2900000|
|  22|0x00000006c2a00000, 0x00000006c2a00000, 0x00000006c2b00000|  0%| F|  |TS  0|AC  0|TAMS 0x00000006c2a00000, 0x00000006c2a00000|
|  23|0x00000006c2b00000, 0x00000006c2b00000, 0x00000006c2c00000|  0%| F|  |TS  0|AC  0|TAMS 0x00000006c2b00000, 0x00000006c2b00000|
|  24|0x00000006c2c00000, 0x00000006c2c00000, 0x00000006c2d00000|  0%| F|  |TS  0|AC  0|TAMS 0x00000006c2c00000, 0x00000006c2c00000|
|  25|0x00000006c2d00000, 0x00000006c2d00000, 0x00000006c2e00000|  0%| F|  |TS  0|AC  0|TAMS 0x00000006c2d00000, 0x00000006c2d00000|
|  26|0x00000006c2e00000, 0x00000006c2e00000, 0x00000006c2f00000|  0%| F|  |TS  0|AC  0|TAMS 0x00000006c2e00000, 0x00000006c2e00000|
|  27|0x00000006c2f00000, 0x00000006c2f00000, 0x00000006c3000000|  0%| F|  |TS  0|AC  0|TAMS 0x00000006c2f00000, 0x00000006c2f00000|
|  28|0x00000006c3000000, 0x00000006c3000000, 0x00000006c3100000|  0%| F|  |TS  0|AC  0|TAMS 0x00000006c3000000, 0x00000006c3000000|
|  29|0x00000006c3100000, 0x00000006c3100000, 0x00000006c3200000|  0%| F|  |TS  0|AC  0|TAMS 0x00000006c3100000, 0x00000006c3100000|
|  30|0x00000006c3200000, 0x00000006c3200000, 0x00000006c3300000|  0%| F|  |TS  0|AC  0|TAMS 0x00000006c3200000, 0x00000006c3200000|
|  31|0x00000006c3300000, 0x00000006c3300000, 0x00000006c3400000|  0%| F|  |TS  0|AC  0|TAMS 0x00000006c3300000, 0x00000006c3300000|
|  32|0x00000006c3400000, 0x00000006c3400000, 0x00000006c3500000|  0%| F|  |TS  0|AC  0|TAMS 0x00000006c3400000, 0x00000006c3400000|
|  33|0x00000006c3500000, 0x00000006c3500000, 0x00000006c3600000|  0%| F|  |TS  0|AC  0|TAMS 0x00000006c3500000, 0x00000006c3500000|
|  34|0x00000006c3600000, 0x00000006c3600000, 0x00000006c3700000|  0%| F|  |TS  0|AC  0|TAMS 0x00000006c3600000, 0x00000006c3600000|
|  35|0x00000006c3700000, 0x00000006c3700000, 0x00000006c3800000|  0%| F|  |TS  0|AC  0|TAMS 0x00000006c3700000, 0x00000006c3700000|
|  36|0x00000006c3800000, 0x00000006c3800000, 0x00000006c3900000|  0%| F|  |TS  0|AC  0|TAMS 0x00000006c3800000, 0x00000006c3800000|
|  37|0x00000006c3900000, 0x00000006c3900000, 0x00000006c3a00000|  0%| F|  |TS  0|AC  0|TAMS 0x00000006c3900000, 0x00000006c3900000|
|  38|0x00000006c3a00000, 0x00000006c3a00000, 0x00000006c3b00000|  0%| F|  |TS  0|AC  0|TAMS 0x00000006c3a00000, 0x00000006c3a00000|
|  39|0x00000006c3b00000, 0x00000006c3b00000, 0x00000006c3c00000|  0%| F|  |TS  0|AC  0|TAMS 0x00000006c3b00000, 0x00000006c3b00000|
|  40|0x00000006c3c00000, 0x00000006c3c00000, 0x00000006c3d00000|  0%| F|  |TS  0|AC  0|TAMS 0x00000006c3c00000, 0x00000006c3c00000|
|  41|0x00000006c3d00000, 0x00000006c3d00000, 0x00000006c3e00000|  0%| F|  |TS  0|AC  0|TAMS 0x00000006c3d00000, 0x00000006c3d00000|
|  42|0x00000006c3e00000, 0x00000006c3e00000, 0x00000006c3f00000|  0%| F|  |TS  0|AC  0|TAMS 0x00000006c3e00000, 0x00000006c3e00000|
|  43|0x00000006c3f00000, 0x00000006c3f00000, 0x00000006c4000000|  0%| F|  |TS  0|AC  0|TAMS 0x00000006c3f00000, 0x00000006c3f00000|
|  44|0x00000006c4000000, 0x00000006c4000000, 0x00000006c4100000|  0%| F|  |TS  0|AC  0|TAMS 0x00000006c4000000, 0x00000006c4000000|
|  45|0x00000006c4100000, 0x00000006c4100000, 0x00000006c4200000|  0%| F|  |TS  0|AC  0|TAMS 0x00000006c4100000, 0x00000006c4100000|
|  46|0x00000006c4200000, 0x00000006c4200000, 0x00000006c4300000|  0%| F|  |TS  0|AC  0|TAMS 0x00000006c4200000, 0x00000006c4200000|
|  47|0x00000006c4300000, 0x00000006c4300000, 0x00000006c4400000|  0%| F|  |TS  0|AC  0|TAMS 0x00000006c4300000, 0x00000006c4300000|
|  48|0x00000006c4400000, 0x00000006c4400000, 0x00000006c4500000|  0%| F|  |TS  0|AC  0|TAMS 0x00000006c4400000, 0x00000006c4400000|
|  49|0x00000006c4500000, 0x00000006c4500000, 0x00000006c4600000|  0%| F|  |TS  0|AC  0|TAMS 0x00000006c4500000, 0x00000006c4500000|
|  50|0x00000006c4600000, 0x00000006c4600000, 0x00000006c4700000|  0%| F|  |TS  0|AC  0|TAMS 0x00000006c4600000, 0x00000006c4600000|
|  51|0x00000006c4700000, 0x00000006c4700000, 0x00000006c4800000|  0%| F|  |TS  0|AC  0|TAMS 0x00000006c4700000, 0x00000006c4700000|
|  52|0x00000006c4800000, 0x00000006c4800000, 0x00000006c4900000|  0%| F|  |TS  0|AC  0|TAMS 0x00000006c4800000, 0x00000006c4800000|
|  53|0x00000006c4900000, 0x00000006c4900000, 0x00000006c4a00000|  0%| F|  |TS  0|AC  0|TAMS 0x00000006c4900000, 0x00000006c4900000|
|  54|0x00000006c4a00000, 0x00000006c4a00000, 0x00000006c4b00000|  0%| F|  |TS  0|AC  0|TAMS 0x00000006c4a00000, 0x00000006c4a00000|
|  55|0x00000006c4b00000, 0x00000006c4b00000, 0x00000006c4c00000|  0%| F|  |TS  0|AC  0|TAMS 0x00000006c4b00000, 0x00000006c4b00000|
|  56|0x00000006c4c00000, 0x00000006c4c00000, 0x00000006c4d00000|  0%| F|  |TS  0|AC  0|TAMS 0x00000006c4c00000, 0x00000006c4c00000|
|  57|0x00000006c4d00000, 0x00000006c4d00000, 0x00000006c4e00000|  0%| F|  |TS  0|AC  0|TAMS 0x00000006c4d00000, 0x00000006c4d00000|
|  58|0x00000006c4e00000, 0x00000006c4e00000, 0x00000006c4f00000|  0%| F|  |TS  0|AC  0|TAMS 0x00000006c4e00000, 0x00000006c4e00000|
|  59|0x00000006c4f00000, 0x00000006c4f00000, 0x00000006c5000000|  0%| F|  |TS  0|AC  0|TAMS 0x00000006c4f00000, 0x00000006c4f00000|
|  60|0x00000006c5000000, 0x00000006c5000000, 0x00000006c5100000|  0%| F|  |TS  0|AC  0|TAMS 0x00000006c5000000, 0x00000006c5000000|
|  61|0x00000006c5100000, 0x00000006c5100000, 0x00000006c5200000|  0%| F|  |TS  0|AC  0|TAMS 0x00000006c5100000, 0x00000006c5100000|
|  62|0x00000006c5200000, 0x00000006c5200000, 0x00000006c5300000|  0%| F|  |TS  0|AC  0|TAMS 0x00000006c5200000, 0x00000006c5200000|
|  63|0x00000006c5300000, 0x00000006c5300000, 0x00000006c5400000|  0%| F|  |TS  0|AC  0|TAMS 0x00000006c5300000, 0x00000006c5300000|
|  64|0x00000006c5400000, 0x00000006c5400000, 0x00000006c5500000|  0%| F|  |TS  0|AC  0|TAMS 0x00000006c5400000, 0x00000006c5400000|
|  65|0x00000006c5500000, 0x00000006c5500000, 0x00000006c5600000|  0%| F|  |TS  0|AC  0|TAMS 0x00000006c5500000, 0x00000006c5500000|
|  66|0x00000006c5600000, 0x00000006c5600000, 0x00000006c5700000|  0%| F|  |TS  0|AC  0|TAMS 0x00000006c5600000, 0x00000006c5600000|
|  67|0x00000006c5700000, 0x00000006c5700000, 0x00000006c5800000|  0%| F|  |TS  0|AC  0|TAMS 0x00000006c5700000, 0x00000006c5700000|
|  68|0x00000006c5800000, 0x00000006c5800000, 0x00000006c5900000|  0%| F|  |TS  0|AC  0|TAMS 0x00000006c5800000, 0x00000006c5800000|
|  69|0x00000006c5900000, 0x00000006c5900000, 0x00000006c5a00000|  0%| F|  |TS  0|AC  0|TAMS 0x00000006c5900000, 0x00000006c5900000|
|  70|0x00000006c5a00000, 0x00000006c5a00000, 0x00000006c5b00000|  0%| F|  |TS  0|AC  0|TAMS 0x00000006c5a00000, 0x00000006c5a00000|
|  71|0x00000006c5b00000, 0x00000006c5b00000, 0x00000006c5c00000|  0%| F|  |TS  0|AC  0|TAMS 0x00000006c5b00000, 0x00000006c5b00000|
|  72|0x00000006c5c00000, 0x00000006c5c00000, 0x00000006c5d00000|  0%| F|  |TS  0|AC  0|TAMS 0x00000006c5c00000, 0x00000006c5c00000|
|  73|0x00000006c5d00000, 0x00000006c5d00000, 0x00000006c5e00000|  0%| F|  |TS  0|AC  0|TAMS 0x00000006c5d00000, 0x00000006c5d00000|
|  74|0x00000006c5e00000, 0x00000006c5e00000, 0x00000006c5f00000|  0%| F|  |TS  0|AC  0|TAMS 0x00000006c5e00000, 0x00000006c5e00000|
|  75|0x00000006c5f00000, 0x00000006c5f00000, 0x00000006c6000000|  0%| F|  |TS  0|AC  0|TAMS 0x00000006c5f00000, 0x00000006c5f00000|
|  76|0x00000006c6000000, 0x00000006c6000000, 0x00000006c6100000|  0%| F|  |TS  0|AC  0|TAMS 0x00000006c6000000, 0x00000006c6000000|
|  77|0x00000006c6100000, 0x00000006c6100000, 0x00000006c6200000|  0%| F|  |TS  0|AC  0|TAMS 0x00000006c6100000, 0x00000006c6100000|
|  78|0x00000006c6200000, 0x00000006c6200000, 0x00000006c6300000|  0%| F|  |TS  0|AC  0|TAMS 0x00000006c6200000, 0x00000006c6200000|
|  79|0x00000006c6300000, 0x00000006c6300000, 0x00000006c6400000|  0%| F|  |TS  0|AC  0|TAMS 0x00000006c6300000, 0x00000006c6300000|
|  80|0x00000006c6400000, 0x00000006c6400000, 0x00000006c6500000|  0%| F|  |TS  0|AC  0|TAMS 0x00000006c6400000, 0x00000006c6400000|
|  81|0x00000006c6500000, 0x00000006c6500000, 0x00000006c6600000|  0%| F|  |TS  0|AC  0|TAMS 0x00000006c6500000, 0x00000006c6500000|
|  82|0x00000006c6600000, 0x00000006c6600000, 0x00000006c6700000|  0%| F|  |TS  0|AC  0|TAMS 0x00000006c6600000, 0x00000006c6600000|
|  83|0x00000006c6700000, 0x00000006c6700000, 0x00000006c6800000|  0%| F|  |TS  0|AC  0|TAMS 0x00000006c6700000, 0x00000006c6700000|
|  84|0x00000006c6800000, 0x00000006c6800000, 0x00000006c6900000|  0%| F|  |TS  0|AC  0|TAMS 0x00000006c6800000, 0x00000006c6800000|
|  85|0x00000006c6900000, 0x00000006c6900000, 0x00000006c6a00000|  0%| F|  |TS  0|AC  0|TAMS 0x00000006c6900000, 0x00000006c6900000|
|  86|0x00000006c6a00000, 0x00000006c6a00000, 0x00000006c6b00000|  0%| F|  |TS  0|AC  0|TAMS 0x00000006c6a00000, 0x00000006c6a00000|
|  87|0x00000006c6b00000, 0x00000006c6b00000, 0x00000006c6c00000|  0%| F|  |TS  0|AC  0|TAMS 0x00000006c6b00000, 0x00000006c6b00000|
|  88|0x00000006c6c00000, 0x00000006c6c00000, 0x00000006c6d00000|  0%| F|  |TS  0|AC  0|TAMS 0x00000006c6c00000, 0x00000006c6c00000|
|  89|0x00000006c6d00000, 0x00000006c6d00000, 0x00000006c6e00000|  0%| F|  |TS  0|AC  0|TAMS 0x00000006c6d00000, 0x00000006c6d00000|
|  90|0x00000006c6e00000, 0x00000006c6e00000, 0x00000006c6f00000|  0%| F|  |TS  0|AC  0|TAMS 0x00000006c6e00000, 0x00000006c6e00000|
|  91|0x00000006c6f00000, 0x00000006c6f00000, 0x00000006c7000000|  0%| F|  |TS  0|AC  0|TAMS 0x00000006c6f00000, 0x00000006c6f00000|
|  92|0x00000006c7000000, 0x00000006c7000000, 0x00000006c7100000|  0%| F|  |TS  0|AC  0|TAMS 0x00000006c7000000, 0x00000006c7000000|
|  93|0x00000006c7100000, 0x00000006c7100000, 0x00000006c7200000|  0%| F|  |TS  0|AC  0|TAMS 0x00000006c7100000, 0x00000006c7100000|
|  94|0x00000006c7200000, 0x00000006c7200000, 0x00000006c7300000|  0%| F|  |TS  0|AC  0|TAMS 0x00000006c7200000, 0x00000006c7200000|
|  95|0x00000006c7300000, 0x00000006c7300000, 0x00000006c7400000|  0%| F|  |TS  0|AC  0|TAMS 0x00000006c7300000, 0x00000006c7300000|
|  96|0x00000006c7400000, 0x00000006c7400000, 0x00000006c7500000|  0%| F|  |TS  0|AC  0|TAMS 0x00000006c7400000, 0x00000006c7400000|
|  97|0x00000006c7500000, 0x00000006c7500000, 0x00000006c7600000|  0%| F|  |TS  0|AC  0|TAMS 0x00000006c7500000, 0x00000006c7500000|
|  98|0x00000006c7600000, 0x00000006c7600000, 0x00000006c7700000|  0%| F|  |TS  0|AC  0|TAMS 0x00000006c7600000, 0x00000006c7600000|
|  99|0x00000006c7700000, 0x00000006c7700000, 0x00000006c7800000|  0%| F|  |TS  0|AC  0|TAMS 0x00000006c7700000, 0x00000006c7700000|
| 100|0x00000006c7800000, 0x00000006c7800000, 0x00000006c7900000|  0%| F|  |TS  0|AC  0|TAMS 0x00000006c7800000, 0x00000006c7800000|
| 101|0x00000006c7900000, 0x00000006c7900000, 0x00000006c7a00000|  0%| F|  |TS  0|AC  0|TAMS 0x00000006c7900000, 0x00000006c7900000|
| 102|0x00000006c7a00000, 0x00000006c7a00000, 0x00000006c7b00000|  0%| F|  |TS  0|AC  0|TAMS 0x00000006c7a00000, 0x00000006c7a00000|
| 103|0x00000006c7b00000, 0x00000006c7b00000, 0x00000006c7c00000|  0%| F|  |TS  0|AC  0|TAMS 0x00000006c7b00000, 0x00000006c7b00000|
| 104|0x00000006c7c00000, 0x00000006c7c00000, 0x00000006c7d00000|  0%| F|  |TS  0|AC  0|TAMS 0x00000006c7c00000, 0x00000006c7c00000|
| 105|0x00000006c7d00000, 0x00000006c7d00000, 0x00000006c7e00000|  0%| F|  |TS  0|AC  0|TAMS 0x00000006c7d00000, 0x00000006c7d00000|
| 106|0x00000006c7e00000, 0x00000006c7e00000, 0x00000006c7f00000|  0%| F|  |TS  0|AC  0|TAMS 0x00000006c7e00000, 0x00000006c7e00000|
| 107|0x00000006c7f00000, 0x00000006c7f00000, 0x00000006c8000000|  0%| F|  |TS  0|AC  0|TAMS 0x00000006c7f00000, 0x00000006c7f00000|
| 108|0x00000006c8000000, 0x00000006c8000000, 0x00000006c8100000|  0%| F|  |TS  0|AC  0|TAMS 0x00000006c8000000, 0x00000006c8000000|
| 109|0x00000006c8100000, 0x00000006c8100000, 0x00000006c8200000|  0%| F|  |TS  0|AC  0|TAMS 0x00000006c8100000, 0x00000006c8100000|
| 110|0x00000006c8200000, 0x00000006c8200000, 0x00000006c8300000|  0%| F|  |TS  0|AC  0|TAMS 0x00000006c8200000, 0x00000006c8200000|
| 111|0x00000006c8300000, 0x00000006c8300000, 0x00000006c8400000|  0%| F|  |TS  0|AC  0|TAMS 0x00000006c8300000, 0x00000006c8300000|
| 112|0x00000006c8400000, 0x00000006c8400000, 0x00000006c8500000|  0%| F|  |TS  0|AC  0|TAMS 0x00000006c8400000, 0x00000006c8400000|
| 113|0x00000006c8500000, 0x00000006c8500000, 0x00000006c8600000|  0%| F|  |TS  0|AC  0|TAMS 0x00000006c8500000, 0x00000006c8500000|
| 114|0x00000006c8600000, 0x00000006c8600000, 0x00000006c8700000|  0%| F|  |TS  0|AC  0|TAMS 0x00000006c8600000, 0x00000006c8600000|
| 115|0x00000006c8700000, 0x00000006c8700000, 0x00000006c8800000|  0%| F|  |TS  0|AC  0|TAMS 0x00000006c8700000, 0x00000006c8700000|
| 116|0x00000006c8800000, 0x00000006c8800000, 0x00000006c8900000|  0%| F|  |TS  0|AC  0|TAMS 0x00000006c8800000, 0x00000006c8800000|
| 117|0x00000006c8900000, 0x00000006c8900000, 0x00000006c8a00000|  0%| F|  |TS  0|AC  0|TAMS 0x00000006c8900000, 0x00000006c8900000|
| 118|0x00000006c8a00000, 0x00000006c8a00000, 0x00000006c8b00000|  0%| F|  |TS  0|AC  0|TAMS 0x00000006c8a00000, 0x00000006c8a00000|
| 119|0x00000006c8b00000, 0x00000006c8b00000, 0x00000006c8c00000|  0%| F|  |TS  0|AC  0|TAMS 0x00000006c8b00000, 0x00000006c8b00000|
| 120|0x00000006c8c00000, 0x00000006c8c00000, 0x00000006c8d00000|  0%| F|  |TS  0|AC  0|TAMS 0x00000006c8c00000, 0x00000006c8c00000|
| 121|0x00000006c8d00000, 0x00000006c8d00000, 0x00000006c8e00000|  0%| F|  |TS  0|AC  0|TAMS 0x00000006c8d00000, 0x00000006c8d00000|
| 122|0x00000006c8e00000, 0x00000006c8e00000, 0x00000006c8f00000|  0%| F|  |TS  0|AC  0|TAMS 0x00000006c8e00000, 0x00000006c8e00000|
| 123|0x00000006c8f00000, 0x00000006c8f00000, 0x00000006c9000000|  0%| F|  |TS  0|AC  0|TAMS 0x00000006c8f00000, 0x00000006c8f00000|
| 124|0x00000006c9000000, 0x00000006c9000000, 0x00000006c9100000|  0%| F|  |TS  0|AC  0|TAMS 0x00000006c9000000, 0x00000006c9000000|
| 125|0x00000006c9100000, 0x00000006c9100000, 0x00000006c9200000|  0%| F|  |TS  0|AC  0|TAMS 0x00000006c9100000, 0x00000006c9100000|
| 126|0x00000006c9200000, 0x00000006c9200000, 0x00000006c9300000|  0%| F|  |TS  0|AC  0|TAMS 0x00000006c9200000, 0x00000006c9200000|
| 127|0x00000006c9300000, 0x00000006c9300000, 0x00000006c9400000|  0%| F|  |TS  0|AC  0|TAMS 0x00000006c9300000, 0x00000006c9300000|
| 128|0x00000006c9400000, 0x00000006c9400000, 0x00000006c9500000|  0%| F|  |TS  0|AC  0|TAMS 0x00000006c9400000, 0x00000006c9400000|
| 129|0x00000006c9500000, 0x00000006c9500000, 0x00000006c9600000|  0%| F|  |TS  0|AC  0|TAMS 0x00000006c9500000, 0x00000006c9500000|
| 130|0x00000006c9600000, 0x00000006c9600000, 0x00000006c9700000|  0%| F|  |TS  0|AC  0|TAMS 0x00000006c9600000, 0x00000006c9600000|
| 131|0x00000006c9700000, 0x00000006c9700000, 0x00000006c9800000|  0%| F|  |TS  0|AC  0|TAMS 0x00000006c9700000, 0x00000006c9700000|
| 132|0x00000006c9800000, 0x00000006c9800000, 0x00000006c9900000|  0%| F|  |TS  0|AC  0|TAMS 0x00000006c9800000, 0x00000006c9800000|
| 133|0x00000006c9900000, 0x00000006c9900000, 0x00000006c9a00000|  0%| F|  |TS  0|AC  0|TAMS 0x00000006c9900000, 0x00000006c9900000|
| 134|0x00000006c9a00000, 0x00000006c9a00000, 0x00000006c9b00000|  0%| F|  |TS  0|AC  0|TAMS 0x00000006c9a00000, 0x00000006c9a00000|
| 135|0x00000006c9b00000, 0x00000006c9b00000, 0x00000006c9c00000|  0%| F|  |TS  0|AC  0|TAMS 0x00000006c9b00000, 0x00000006c9b00000|
| 136|0x00000006c9c00000, 0x00000006c9c00000, 0x00000006c9d00000|  0%| F|  |TS  0|AC  0|TAMS 0x00000006c9c00000, 0x00000006c9c00000|
| 137|0x00000006c9d00000, 0x00000006c9d00000, 0x00000006c9e00000|  0%| F|  |TS  0|AC  0|TAMS 0x00000006c9d00000, 0x00000006c9d00000|
| 138|0x00000006c9e00000, 0x00000006c9e00000, 0x00000006c9f00000|  0%| F|  |TS  0|AC  0|TAMS 0x00000006c9e00000, 0x00000006c9e00000|
| 139|0x00000006c9f00000, 0x00000006c9f00000, 0x00000006ca000000|  0%| F|  |TS  0|AC  0|TAMS 0x00000006c9f00000, 0x00000006c9f00000|
| 140|0x00000006ca000000, 0x00000006ca000000, 0x00000006ca100000|  0%| F|  |TS  0|AC  0|TAMS 0x00000006ca000000, 0x00000006ca000000|
| 141|0x00000006ca100000, 0x00000006ca100000, 0x00000006ca200000|  0%| F|  |TS  0|AC  0|TAMS 0x00000006ca100000, 0x00000006ca100000|
| 142|0x00000006ca200000, 0x00000006ca200000, 0x00000006ca300000|  0%| F|  |TS  0|AC  0|TAMS 0x00000006ca200000, 0x00000006ca200000|
| 143|0x00000006ca300000, 0x00000006ca300000, 0x00000006ca400000|  0%| F|  |TS  0|AC  0|TAMS 0x00000006ca300000, 0x00000006ca300000|
| 144|0x00000006ca400000, 0x00000006ca400000, 0x00000006ca500000|  0%| F|  |TS  0|AC  0|TAMS 0x00000006ca400000, 0x00000006ca400000|
| 145|0x00000006ca500000, 0x00000006ca500000, 0x00000006ca600000|  0%| F|  |TS  0|AC  0|TAMS 0x00000006ca500000, 0x00000006ca500000|
| 146|0x00000006ca600000, 0x00000006ca600000, 0x00000006ca700000|  0%| F|  |TS  0|AC  0|TAMS 0x00000006ca600000, 0x00000006ca600000|
| 147|0x00000006ca700000, 0x00000006ca700000, 0x00000006ca800000|  0%| F|  |TS  0|AC  0|TAMS 0x00000006ca700000, 0x00000006ca700000|
| 148|0x00000006ca800000, 0x00000006ca800000, 0x00000006ca900000|  0%| F|  |TS  0|AC  0|TAMS 0x00000006ca800000, 0x00000006ca800000|
| 149|0x00000006ca900000, 0x00000006ca900000, 0x00000006caa00000|  0%| F|  |TS  0|AC  0|TAMS 0x00000006ca900000, 0x00000006ca900000|
| 150|0x00000006caa00000, 0x00000006caa00000, 0x00000006cab00000|  0%| F|  |TS  0|AC  0|TAMS 0x00000006caa00000, 0x00000006caa00000|
| 151|0x00000006cab00000, 0x00000006cab00000, 0x00000006cac00000|  0%| F|  |TS  0|AC  0|TAMS 0x00000006cab00000, 0x00000006cab00000|
| 152|0x00000006cac00000, 0x00000006cac00000, 0x00000006cad00000|  0%| F|  |TS  0|AC  0|TAMS 0x00000006cac00000, 0x00000006cac00000|
| 153|0x00000006cad00000, 0x00000006cad00000, 0x00000006cae00000|  0%| F|  |TS  0|AC  0|TAMS 0x00000006cad00000, 0x00000006cad00000|
| 154|0x00000006cae00000, 0x00000006cae00000, 0x00000006caf00000|  0%| F|  |TS  0|AC  0|TAMS 0x00000006cae00000, 0x00000006cae00000|
| 155|0x00000006caf00000, 0x00000006caf00000, 0x00000006cb000000|  0%| F|  |TS  0|AC  0|TAMS 0x00000006caf00000, 0x00000006caf00000|
| 156|0x00000006cb000000, 0x00000006cb000000, 0x00000006cb100000|  0%| F|  |TS  0|AC  0|TAMS 0x00000006cb000000, 0x00000006cb000000|
| 157|0x00000006cb100000, 0x00000006cb100000, 0x00000006cb200000|  0%| F|  |TS  0|AC  0|TAMS 0x00000006cb100000, 0x00000006cb100000|
| 158|0x00000006cb200000, 0x00000006cb200000, 0x00000006cb300000|  0%| F|  |TS  0|AC  0|TAMS 0x00000006cb200000, 0x00000006cb200000|
| 159|0x00000006cb300000, 0x00000006cb300000, 0x00000006cb400000|  0%| F|  |TS  0|AC  0|TAMS 0x00000006cb300000, 0x00000006cb300000|
| 160|0x00000006cb400000, 0x00000006cb400000, 0x00000006cb500000|  0%| F|  |TS  0|AC  0|TAMS 0x00000006cb400000, 0x00000006cb400000|
| 161|0x00000006cb500000, 0x00000006cb500000, 0x00000006cb600000|  0%| F|  |TS  0|AC  0|TAMS 0x00000006cb500000, 0x00000006cb500000|
| 162|0x00000006cb600000, 0x00000006cb600000, 0x00000006cb700000|  0%| F|  |TS  0|AC  0|TAMS 0x00000006cb600000, 0x00000006cb600000|
| 163|0x00000006cb700000, 0x00000006cb700000, 0x00000006cb800000|  0%| F|  |TS  0|AC  0|TAMS 0x00000006cb700000, 0x00000006cb700000|
| 164|0x00000006cb800000, 0x00000006cb800000, 0x00000006cb900000|  0%| F|  |TS  0|AC  0|TAMS 0x00000006cb800000, 0x00000006cb800000|
| 165|0x00000006cb900000, 0x00000006cb900000, 0x00000006cba00000|  0%| F|  |TS  0|AC  0|TAMS 0x00000006cb900000, 0x00000006cb900000|
| 166|0x00000006cba00000, 0x00000006cba00000, 0x00000006cbb00000|  0%| F|  |TS  0|AC  0|TAMS 0x00000006cba00000, 0x00000006cba00000|
| 167|0x00000006cbb00000, 0x00000006cbb00000, 0x00000006cbc00000|  0%| F|  |TS  0|AC  0|TAMS 0x00000006cbb00000, 0x00000006cbb00000|
| 168|0x00000006cbc00000, 0x00000006cbc00000, 0x00000006cbd00000|  0%| F|  |TS  0|AC  0|TAMS 0x00000006cbc00000, 0x00000006cbc00000|
| 169|0x00000006cbd00000, 0x00000006cbd00000, 0x00000006cbe00000|  0%| F|  |TS  0|AC  0|TAMS 0x00000006cbd00000, 0x00000006cbd00000|
| 170|0x00000006cbe00000, 0x00000006cbe00000, 0x00000006cbf00000|  0%| F|  |TS  0|AC  0|TAMS 0x00000006cbe00000, 0x00000006cbe00000|
| 171|0x00000006cbf00000, 0x00000006cbf00000, 0x00000006cc000000|  0%| F|  |TS  0|AC  0|TAMS 0x00000006cbf00000, 0x00000006cbf00000|
| 172|0x00000006cc000000, 0x00000006cc000000, 0x00000006cc100000|  0%| F|  |TS  0|AC  0|TAMS 0x00000006cc000000, 0x00000006cc000000|
| 173|0x00000006cc100000, 0x00000006cc100000, 0x00000006cc200000|  0%| F|  |TS  0|AC  0|TAMS 0x00000006cc100000, 0x00000006cc100000|
| 174|0x00000006cc200000, 0x00000006cc200000, 0x00000006cc300000|  0%| F|  |TS  0|AC  0|TAMS 0x00000006cc200000, 0x00000006cc200000|
| 175|0x00000006cc300000, 0x00000006cc300000, 0x00000006cc400000|  0%| F|  |TS  0|AC  0|TAMS 0x00000006cc300000, 0x00000006cc300000|
| 176|0x00000006cc400000, 0x00000006cc400000, 0x00000006cc500000|  0%| F|  |TS  0|AC  0|TAMS 0x00000006cc400000, 0x00000006cc400000|
| 177|0x00000006cc500000, 0x00000006cc500000, 0x00000006cc600000|  0%| F|  |TS  0|AC  0|TAMS 0x00000006cc500000, 0x00000006cc500000|
| 178|0x00000006cc600000, 0x00000006cc600000, 0x00000006cc700000|  0%| F|  |TS  0|AC  0|TAMS 0x00000006cc600000, 0x00000006cc600000|
| 179|0x00000006cc700000, 0x00000006cc700000, 0x00000006cc800000|  0%| F|  |TS  0|AC  0|TAMS 0x00000006cc700000, 0x00000006cc700000|
| 180|0x00000006cc800000, 0x00000006cc800000, 0x00000006cc900000|  0%| F|  |TS  0|AC  0|TAMS 0x00000006cc800000, 0x00000006cc800000|
| 181|0x00000006cc900000, 0x00000006cc900000, 0x00000006cca00000|  0%| F|  |TS  0|AC  0|TAMS 0x00000006cc900000, 0x00000006cc900000|
| 182|0x00000006cca00000, 0x00000006cca00000, 0x00000006ccb00000|  0%| F|  |TS  0|AC  0|TAMS 0x00000006cca00000, 0x00000006cca00000|
| 183|0x00000006ccb00000, 0x00000006ccb00000, 0x00000006ccc00000|  0%| F|  |TS  0|AC  0|TAMS 0x00000006ccb00000, 0x00000006ccb00000|
| 184|0x00000006ccc00000, 0x00000006ccc00000, 0x00000006ccd00000|  0%| F|  |TS  0|AC  0|TAMS 0x00000006ccc00000, 0x00000006ccc00000|
| 185|0x00000006ccd00000, 0x00000006ccd00000, 0x00000006cce00000|  0%| F|  |TS  0|AC  0|TAMS 0x00000006ccd00000, 0x00000006ccd00000|
| 186|0x00000006cce00000, 0x00000006cce00000, 0x00000006ccf00000|  0%| F|  |TS  0|AC  0|TAMS 0x00000006cce00000, 0x00000006cce00000|
| 187|0x00000006ccf00000, 0x00000006ccf00000, 0x00000006cd000000|  0%| F|  |TS  0|AC  0|TAMS 0x00000006ccf00000, 0x00000006ccf00000|
| 188|0x00000006cd000000, 0x00000006cd000000, 0x00000006cd100000|  0%| F|  |TS  0|AC  0|TAMS 0x00000006cd000000, 0x00000006cd000000|
| 189|0x00000006cd100000, 0x00000006cd100000, 0x00000006cd200000|  0%| F|  |TS  0|AC  0|TAMS 0x00000006cd100000, 0x00000006cd100000|
| 190|0x00000006cd200000, 0x00000006cd200000, 0x00000006cd300000|  0%| F|  |TS  0|AC  0|TAMS 0x00000006cd200000, 0x00000006cd200000|
| 191|0x00000006cd300000, 0x00000006cd300000, 0x00000006cd400000|  0%| F|  |TS  0|AC  0|TAMS 0x00000006cd300000, 0x00000006cd300000|
| 192|0x00000006cd400000, 0x00000006cd400000, 0x00000006cd500000|  0%| F|  |TS  0|AC  0|TAMS 0x00000006cd400000, 0x00000006cd400000|
| 193|0x00000006cd500000, 0x00000006cd500000, 0x00000006cd600000|  0%| F|  |TS  0|AC  0|TAMS 0x00000006cd500000, 0x00000006cd500000|
| 194|0x00000006cd600000, 0x00000006cd600000, 0x00000006cd700000|  0%| F|  |TS  0|AC  0|TAMS 0x00000006cd600000, 0x00000006cd600000|
| 195|0x00000006cd700000, 0x00000006cd700000, 0x00000006cd800000|  0%| F|  |TS  0|AC  0|TAMS 0x00000006cd700000, 0x00000006cd700000|
| 196|0x00000006cd800000, 0x00000006cd800000, 0x00000006cd900000|  0%| F|  |TS  0|AC  0|TAMS 0x00000006cd800000, 0x00000006cd800000|
| 197|0x00000006cd900000, 0x00000006cd900000, 0x00000006cda00000|  0%| F|  |TS  0|AC  0|TAMS 0x00000006cd900000, 0x00000006cd900000|
| 198|0x00000006cda00000, 0x00000006cda00000, 0x00000006cdb00000|  0%| F|  |TS  0|AC  0|TAMS 0x00000006cda00000, 0x00000006cda00000|
| 199|0x00000006cdb00000, 0x00000006cdb00000, 0x00000006cdc00000|  0%| F|  |TS  0|AC  0|TAMS 0x00000006cdb00000, 0x00000006cdb00000|
| 200|0x00000006cdc00000, 0x00000006cdc00000, 0x00000006cdd00000|  0%| F|  |TS  0|AC  0|TAMS 0x00000006cdc00000, 0x00000006cdc00000|
| 201|0x00000006cdd00000, 0x00000006cdd00000, 0x00000006cde00000|  0%| F|  |TS  0|AC  0|TAMS 0x00000006cdd00000, 0x00000006cdd00000|
| 202|0x00000006cde00000, 0x00000006cde00000, 0x00000006cdf00000|  0%| F|  |TS  0|AC  0|TAMS 0x00000006cde00000, 0x00000006cde00000|
| 203|0x00000006cdf00000, 0x00000006cdf00000, 0x00000006ce000000|  0%| F|  |TS  0|AC  0|TAMS 0x00000006cdf00000, 0x00000006cdf00000|
| 204|0x00000006ce000000, 0x00000006ce000000, 0x00000006ce100000|  0%| F|  |TS  0|AC  0|TAMS 0x00000006ce000000, 0x00000006ce000000|
| 205|0x00000006ce100000, 0x00000006ce100000, 0x00000006ce200000|  0%| F|  |TS  0|AC  0|TAMS 0x00000006ce100000, 0x00000006ce100000|
| 206|0x00000006ce200000, 0x00000006ce200000, 0x00000006ce300000|  0%| F|  |TS  0|AC  0|TAMS 0x00000006ce200000, 0x00000006ce200000|
| 207|0x00000006ce300000, 0x00000006ce300000, 0x00000006ce400000|  0%| F|  |TS  0|AC  0|TAMS 0x00000006ce300000, 0x00000006ce300000|
| 208|0x00000006ce400000, 0x00000006ce400000, 0x00000006ce500000|  0%| F|  |TS  0|AC  0|TAMS 0x00000006ce400000, 0x00000006ce400000|
| 209|0x00000006ce500000, 0x00000006ce500000, 0x00000006ce600000|  0%| F|  |TS  0|AC  0|TAMS 0x00000006ce500000, 0x00000006ce500000|
| 210|0x00000006ce600000, 0x00000006ce600000, 0x00000006ce700000|  0%| F|  |TS  0|AC  0|TAMS 0x00000006ce600000, 0x00000006ce600000|
| 211|0x00000006ce700000, 0x00000006ce700000, 0x00000006ce800000|  0%| F|  |TS  0|AC  0|TAMS 0x00000006ce700000, 0x00000006ce700000|
| 212|0x00000006ce800000, 0x00000006ce800000, 0x00000006ce900000|  0%| F|  |TS  0|AC  0|TAMS 0x00000006ce800000, 0x00000006ce800000|
| 213|0x00000006ce900000, 0x00000006ce900000, 0x00000006cea00000|  0%| F|  |TS  0|AC  0|TAMS 0x00000006ce900000, 0x00000006ce900000|
| 214|0x00000006cea00000, 0x00000006cea00000, 0x00000006ceb00000|  0%| F|  |TS  0|AC  0|TAMS 0x00000006cea00000, 0x00000006cea00000|
| 215|0x00000006ceb00000, 0x00000006ceb00000, 0x00000006cec00000|  0%| F|  |TS  0|AC  0|TAMS 0x00000006ceb00000, 0x00000006ceb00000|
| 216|0x00000006cec00000, 0x00000006cec00000, 0x00000006ced00000|  0%| F|  |TS  0|AC  0|TAMS 0x00000006cec00000, 0x00000006cec00000|
| 217|0x00000006ced00000, 0x00000006ced00000, 0x00000006cee00000|  0%| F|  |TS  0|AC  0|TAMS 0x00000006ced00000, 0x00000006ced00000|
| 218|0x00000006cee00000, 0x00000006cee00000, 0x00000006cef00000|  0%| F|  |TS  0|AC  0|TAMS 0x00000006cee00000, 0x00000006cee00000|
| 219|0x00000006cef00000, 0x00000006cef00000, 0x00000006cf000000|  0%| F|  |TS  0|AC  0|TAMS 0x00000006cef00000, 0x00000006cef00000|
| 220|0x00000006cf000000, 0x00000006cf000000, 0x00000006cf100000|  0%| F|  |TS  0|AC  0|TAMS 0x00000006cf000000, 0x00000006cf000000|
| 221|0x00000006cf100000, 0x00000006cf100000, 0x00000006cf200000|  0%| F|  |TS  0|AC  0|TAMS 0x00000006cf100000, 0x00000006cf100000|
| 222|0x00000006cf200000, 0x00000006cf200000, 0x00000006cf300000|  0%| F|  |TS  0|AC  0|TAMS 0x00000006cf200000, 0x00000006cf200000|
| 223|0x00000006cf300000, 0x00000006cf300000, 0x00000006cf400000|  0%| F|  |TS  0|AC  0|TAMS 0x00000006cf300000, 0x00000006cf300000|
| 224|0x00000006cf400000, 0x00000006cf400000, 0x00000006cf500000|  0%| F|  |TS  0|AC  0|TAMS 0x00000006cf400000, 0x00000006cf400000|
| 225|0x00000006cf500000, 0x00000006cf500000, 0x00000006cf600000|  0%| F|  |TS  0|AC  0|TAMS 0x00000006cf500000, 0x00000006cf500000|
| 226|0x00000006cf600000, 0x00000006cf600000, 0x00000006cf700000|  0%| F|  |TS  0|AC  0|TAMS 0x00000006cf600000, 0x00000006cf600000|
| 227|0x00000006cf700000, 0x00000006cf700000, 0x00000006cf800000|  0%| F|  |TS  0|AC  0|TAMS 0x00000006cf700000, 0x00000006cf700000|
| 228|0x00000006cf800000, 0x00000006cf800000, 0x00000006cf900000|  0%| F|  |TS  0|AC  0|TAMS 0x00000006cf800000, 0x00000006cf800000|
| 229|0x00000006cf900000, 0x00000006cfa00000, 0x00000006cfa00000|100%| S|CS|TS  1|AC  0|TAMS 0x00000006cf900000, 0x00000006cf900000|
| 230|0x00000006cfa00000, 0x00000006cfb00000, 0x00000006cfb00000|100%| S|CS|TS  1|AC  0|TAMS 0x00000006cfa00000, 0x00000006cfa00000|
| 231|0x00000006cfb00000, 0x00000006cfc00000, 0x00000006cfc00000|100%| S|CS|TS  1|AC  0|TAMS 0x00000006cfb00000, 0x00000006cfb00000|
| 232|0x00000006cfc00000, 0x00000006cfc00000, 0x00000006cfd00000|  0%| F|  |TS  1|AC  0|TAMS 0x00000006cfc00000, 0x00000006cfc00000|
| 233|0x00000006cfd00000, 0x00000006cfd00000, 0x00000006cfe00000|  0%| F|  |TS  1|AC  0|TAMS 0x00000006cfd00000, 0x00000006cfd00000|
| 234|0x00000006cfe00000, 0x00000006cfe80800, 0x00000006cff00000| 50%| E|  |TS  1|AC  0|TAMS 0x00000006cfe00000, 0x00000006cfe00000|
| 235|0x00000006cff00000, 0x00000006d0000000, 0x00000006d0000000|100%| E|CS|TS  1|AC  0|TAMS 0x00000006cff00000, 0x00000006cff00000|
| 236|0x00000006d0000000, 0x00000006d0100000, 0x00000006d0100000|100%| E|CS|TS  1|AC  0|TAMS 0x00000006d0000000, 0x00000006d0000000|
| 237|0x00000006d0100000, 0x00000006d0200000, 0x00000006d0200000|100%| E|CS|TS  1|AC  0|TAMS 0x00000006d0100000, 0x00000006d0100000|
| 238|0x00000006d0200000, 0x00000006d0300000, 0x00000006d0300000|100%| E|CS|TS  1|AC  0|TAMS 0x00000006d0200000, 0x00000006d0200000|
| 239|0x00000006d0300000, 0x00000006d0400000, 0x00000006d0400000|100%| E|CS|TS  1|AC  0|TAMS 0x00000006d0300000, 0x00000006d0300000|
| 240|0x00000006d0400000, 0x00000006d0500000, 0x00000006d0500000|100%| E|CS|TS  1|AC  0|TAMS 0x00000006d0400000, 0x00000006d0400000|
| 241|0x00000006d0500000, 0x00000006d0600000, 0x00000006d0600000|100%| E|CS|TS  1|AC  0|TAMS 0x00000006d0500000, 0x00000006d0500000|
| 242|0x00000006d0600000, 0x00000006d0700000, 0x00000006d0700000|100%| E|CS|TS  1|AC  0|TAMS 0x00000006d0600000, 0x00000006d0600000|
| 243|0x00000006d0700000, 0x00000006d0800000, 0x00000006d0800000|100%| E|CS|TS  1|AC  0|TAMS 0x00000006d0700000, 0x00000006d0700000|
| 244|0x00000006d0800000, 0x00000006d0900000, 0x00000006d0900000|100%| E|CS|TS  1|AC  0|TAMS 0x00000006d0800000, 0x00000006d0800000|
| 245|0x00000006d0900000, 0x00000006d0a00000, 0x00000006d0a00000|100%| E|CS|TS  1|AC  0|TAMS 0x00000006d0900000, 0x00000006d0900000|
| 246|0x00000006d0a00000, 0x00000006d0b00000, 0x00000006d0b00000|100%| E|CS|TS  1|AC  0|TAMS 0x00000006d0a00000, 0x00000006d0a00000|
| 247|0x00000006d0b00000, 0x00000006d0c00000, 0x00000006d0c00000|100%| E|CS|TS  1|AC  0|TAMS 0x00000006d0b00000, 0x00000006d0b00000|
| 248|0x00000006d0c00000, 0x00000006d0d00000, 0x00000006d0d00000|100%| E|CS|TS  1|AC  0|TAMS 0x00000006d0c00000, 0x00000006d0c00000|
| 249|0x00000006d0d00000, 0x00000006d0e00000, 0x00000006d0e00000|100%| E|CS|TS  1|AC  0|TAMS 0x00000006d0d00000, 0x00000006d0d00000|
| 250|0x00000006d0e00000, 0x00000006d0f00000, 0x00000006d0f00000|100%| E|CS|TS  1|AC  0|TAMS 0x00000006d0e00000, 0x00000006d0e00000|
| 251|0x00000006d0f00000, 0x00000006d1000000, 0x00000006d1000000|100%| E|CS|TS  1|AC  0|TAMS 0x00000006d0f00000, 0x00000006d0f00000|
| 252|0x00000006d1000000, 0x00000006d1100000, 0x00000006d1100000|100%| E|CS|TS  1|AC  0|TAMS 0x00000006d1000000, 0x00000006d1000000|
| 253|0x00000006d1100000, 0x00000006d1200000, 0x00000006d1200000|100%| E|CS|TS  1|AC  0|TAMS 0x00000006d1100000, 0x00000006d1100000|
| 254|0x00000006d1200000, 0x00000006d1300000, 0x00000006d1300000|100%| E|CS|TS  1|AC  0|TAMS 0x00000006d1200000, 0x00000006d1200000|
| 255|0x00000006d1300000, 0x00000006d1400000, 0x00000006d1400000|100%| E|CS|TS  1|AC  0|TAMS 0x00000006d1300000, 0x00000006d1300000|

Card table byte_map: [0x000002aa5eda0000,0x000002aa5f5a0000] byte_map_base: 0x000002aa5b796000

Marking Bits (Prev, Next): (CMBitMap*) 0x000002aa67d886f0, (CMBitMap*) 0x000002aa67d88728
 Prev Bits: [0x000002aa5fda0000, 0x000002aa63d50000)
 Next Bits: [0x000002aa63d50000, 0x000002aa67d00000)

Polling page: 0x000002aa41d70000

CodeHeap 'non-profiled nmethods': size=120000Kb used=690Kb max_used=690Kb free=119309Kb
 bounds [0x000002aa56d40000, 0x000002aa56fb0000, 0x000002aa5e270000]
CodeHeap 'profiled nmethods': size=120000Kb used=2951Kb max_used=2951Kb free=117048Kb
 bounds [0x000002aa4f810000, 0x000002aa4fb00000, 0x000002aa56d40000]
CodeHeap 'non-nmethods': size=5760Kb used=1193Kb max_used=1209Kb free=4566Kb
 bounds [0x000002aa4f270000, 0x000002aa4f4e0000, 0x000002aa4f810000]
 total_blobs=2373 nmethods=1584 adapters=349
 compilation: enabled

Compilation events (10 events):
Event: 60.379 Thread 0x000002aa6b1de800 1580       3       java.util.Locale::equals (75 bytes)
Event: 60.379 Thread 0x000002aa6b1de800 nmethod 1580 0x000002aa4faefa90 code [0x000002aa4faefca0, 0x000002aa4faf03e0]
Event: 64.250 Thread 0x000002aa6b1de800 1581       1       java.util.concurrent.locks.AbstractOwnableSynchronizer::setExclusiveOwnerThread (6 bytes)
Event: 64.250 Thread 0x000002aa6b1de800 nmethod 1581 0x000002aa56dec590 code [0x000002aa56dec740, 0x000002aa56dec8b8]
Event: 64.294 Thread 0x000002aa6b1de800 1582       3       java.util.Formatter$FormatSpecifier::appendJustified (91 bytes)
Event: 64.294 Thread 0x000002aa6b1de800 nmethod 1582 0x000002aa4faf0590 code [0x000002aa4faf07c0, 0x000002aa4faf0fd0]
Event: 64.299 Thread 0x000002aa6b1de800 1583       3       java.lang.CharacterDataLatin1::isOtherUppercase (18 bytes)
Event: 64.299 Thread 0x000002aa6b1de800 nmethod 1583 0x000002aa4faf1310 code [0x000002aa4faf14e0, 0x000002aa4faf1738]
Event: 64.299 Thread 0x000002aa6b1de800 1584       3       java.lang.CharacterDataLatin1::getPropertiesEx (11 bytes)
Event: 64.299 Thread 0x000002aa6b1de800 nmethod 1584 0x000002aa4faf1890 code [0x000002aa4faf1a40, 0x000002aa4faf1bd8]

GC Heap History (2 events):
Event: 0.785 GC heap before
{Heap before GC invocations=0 (full 0):
 garbage-first heap   total 262144K, used 24576K [0x00000006c1400000, 0x00000007c0000000)
  region size 1024K, 24 young (24576K), 0 survivors (0K)
 Metaspace       used 13255K, capacity 13428K, committed 13696K, reserved 1060864K
  class space    used 1294K, capacity 1369K, committed 1408K, reserved 1048576K
}
Event: 0.789 GC heap after
{Heap after GC invocations=1 (full 0):
 garbage-first heap   total 262144K, used 5009K [0x00000006c1400000, 0x00000007c0000000)
  region size 1024K, 3 young (3072K), 3 survivors (3072K)
 Metaspace       used 13255K, capacity 13428K, committed 13696K, reserved 1060864K
  class space    used 1294K, capacity 1369K, committed 1408K, reserved 1048576K
}

Deoptimization events (10 events):
Event: 0.507 Thread 0x000002aa43eee000 Uncommon trap: reason=unstable_if action=reinterpret pc=0x000002aa56d88620 method=java.lang.String.startsWith(Ljava/lang/String;I)Z @ 1 c2
Event: 0.516 Thread 0x000002aa43eee000 Uncommon trap: reason=unstable_if action=reinterpret pc=0x000002aa56d93194 method=java.util.HashMap.putVal(ILjava/lang/Object;Ljava/lang/Object;ZZ)Ljava/lang/Object; @ 162 c2
Event: 0.778 Thread 0x000002aa43eee000 Uncommon trap: reason=unstable_if action=reinterpret pc=0x000002aa56d87f54 method=java.lang.StringUTF16.compress([CI[BII)I @ 20 c2
Event: 0.793 Thread 0x000002aa43eee000 Uncommon trap: reason=unstable_if action=reinterpret pc=0x000002aa56d70e2c method=java.lang.String.hashCode()I @ 22 c2
Event: 0.893 Thread 0x000002aa43eee000 Uncommon trap: reason=unstable_if action=reinterpret pc=0x000002aa56db5f60 method=java.io.ByteArrayInputStream.read([BII)I @ 63 c2
Event: 0.897 Thread 0x000002aa43eee000 Uncommon trap: reason=unstable_if action=reinterpret pc=0x000002aa56dc3f18 method=java.util.concurrent.ConcurrentHashMap.addCount(JI)V @ 121 c2
Event: 0.936 Thread 0x000002aa6c671000 Uncommon trap: reason=unstable_if action=reinterpret pc=0x000002aa56d97538 method=java.lang.CharacterDataLatin1.digit(II)I @ 82 c2
Event: 1.446 Thread 0x000002aa6c671000 Uncommon trap: reason=unstable_if action=reinterpret pc=0x000002aa56d9710c method=java.lang.CharacterDataLatin1.digit(II)I @ 82 c2
Event: 1.493 Thread 0x000002aa43eee000 Uncommon trap: reason=unstable_if action=reinterpret pc=0x000002aa56dc71ac method=java.util.concurrent.ConcurrentHashMap.putVal(Ljava/lang/Object;Ljava/lang/Object;Z)Ljava/lang/Object; @ 256 c2
Event: 1.554 Thread 0x000002aa43eee000 Uncommon trap: reason=unstable_if action=reinterpret pc=0x000002aa56dd3d98 method=java.util.regex.Pattern$BmpCharProperty.match(Ljava/util/regex/Matcher;ILjava/lang/CharSequence;)Z @ 39 c2

Classes redefined (2 events):
Event: 752.734 Thread 0x000002aa67eee800 redefined class name=sandboxTest, count=1
Event: 873.460 Thread 0x000002aa67eee800 redefined class name=sandboxTest, count=2

Internal exceptions (10 events):
Event: 47.508 Thread 0x000002aa43eee000 Exception <a 'java/net/SocketTimeoutException'{0x00000006cff4de48}: Read timed out> (0x00000006cff4de48) thrown at [t:/workspace/open/src/hotspot/share/prims/jni.cpp, line 632]
Event: 52.472 Thread 0x000002aa43eee000 Exception <a 'java/net/SocketTimeoutException'{0x00000006cff5a158}: Read timed out> (0x00000006cff5a158) thrown at [t:/workspace/open/src/hotspot/share/prims/jni.cpp, line 632]
Event: 52.474 Thread 0x000002aa43eee000 Exception <a 'java/net/SocketTimeoutException'{0x00000006cff5a778}: Read timed out> (0x00000006cff5a778) thrown at [t:/workspace/open/src/hotspot/share/prims/jni.cpp, line 632]
Event: 53.233 Thread 0x000002aa43eee000 Exception <a 'java/net/SocketTimeoutException'{0x00000006cff68b00}: Read timed out> (0x00000006cff68b00) thrown at [t:/workspace/open/src/hotspot/share/prims/jni.cpp, line 632]
Event: 59.369 Thread 0x000002aa43eee000 Exception <a 'java/net/SocketTimeoutException'{0x00000006cff74df8}: Read timed out> (0x00000006cff74df8) thrown at [t:/workspace/open/src/hotspot/share/prims/jni.cpp, line 632]
Event: 59.371 Thread 0x000002aa43eee000 Exception <a 'java/net/SocketTimeoutException'{0x00000006cff75418}: Read timed out> (0x00000006cff75418) thrown at [t:/workspace/open/src/hotspot/share/prims/jni.cpp, line 632]
Event: 60.289 Thread 0x000002aa43eee000 Exception <a 'java/net/SocketTimeoutException'{0x00000006cff83d40}: Read timed out> (0x00000006cff83d40) thrown at [t:/workspace/open/src/hotspot/share/prims/jni.cpp, line 632]
Event: 64.257 Thread 0x000002aa43eee000 Exception <a 'java/net/SocketTimeoutException'{0x00000006cff90780}: Read timed out> (0x00000006cff90780) thrown at [t:/workspace/open/src/hotspot/share/prims/jni.cpp, line 632]
Event: 64.259 Thread 0x000002aa43eee000 Exception <a 'java/net/SocketTimeoutException'{0x00000006cff90da0}: Read timed out> (0x00000006cff90da0) thrown at [t:/workspace/open/src/hotspot/share/prims/jni.cpp, line 632]
Event: 64.914 Thread 0x000002aa43eee000 Exception <a 'java/net/SocketTimeoutException'{0x00000006cff9fc80}: Read timed out> (0x00000006cff9fc80) thrown at [t:/workspace/open/src/hotspot/share/prims/jni.cpp, line 632]

Events (10 events):
Event: 873.491 Executing VM operation: ChangeBreakpoints done
Event: 873.492 Executing VM operation: ChangeBreakpoints
Event: 873.492 Executing VM operation: ChangeBreakpoints done
Event: 873.493 Executing VM operation: ChangeBreakpoints
Event: 873.493 Executing VM operation: ChangeBreakpoints done
Event: 873.494 Executing VM operation: GetFrameCount
Event: 873.494 Executing VM operation: GetFrameCount done
Event: 873.494 Executing VM operation: GetFrameLocation
Event: 873.495 Executing VM operation: GetFrameLocation done
Event: 873.501 Executing VM operation: GetOrSetLocal


Dynamic libraries:
0x00007ff756230000 - 0x00007ff75626e000 	C:\Program Files\Java\jdk-10.0.2\bin\java.exe
0x00007ff842580000 - 0x00007ff842761000 	C:\Windows\SYSTEM32\ntdll.dll
0x00007ff841a10000 - 0x00007ff841ac2000 	C:\Windows\System32\KERNEL32.DLL
0x00007ff83f3f0000 - 0x00007ff83f663000 	C:\Windows\System32\KERNELBASE.dll
0x00007ff83fb60000 - 0x00007ff83fc01000 	C:\Windows\System32\ADVAPI32.dll
0x00007ff8416e0000 - 0x00007ff84177e000 	C:\Windows\System32\msvcrt.dll
0x00007ff841330000 - 0x00007ff84138b000 	C:\Windows\System32\sechost.dll
0x00007ff841510000 - 0x00007ff841634000 	C:\Windows\System32\RPCRT4.dll
0x00007ff841880000 - 0x00007ff841a10000 	C:\Windows\System32\USER32.dll
0x00007ff83e9d0000 - 0x00007ff83e9f0000 	C:\Windows\System32\win32u.dll
0x00007ff841f20000 - 0x00007ff841f48000 	C:\Windows\System32\GDI32.dll
0x00007ff83f150000 - 0x00007ff83f2e2000 	C:\Windows\System32\gdi32full.dll
0x00007ff83f8c0000 - 0x00007ff83f95f000 	C:\Windows\System32\msvcp_win.dll
0x00007ff83f2f0000 - 0x00007ff83f3ea000 	C:\Windows\System32\ucrtbase.dll
0x00007ff82b900000 - 0x00007ff82bb69000 	C:\Windows\WinSxS\amd64_microsoft.windows.common-controls_6595b64144ccf1df_6.0.17134.345_none_fb429a5930656358\COMCTL32.dll
0x00007ff8359f0000 - 0x00007ff8359fa000 	C:\Windows\SYSTEM32\VERSION.dll
0x00007ff8420c0000 - 0x00007ff8423e3000 	C:\Windows\System32\combase.dll
0x00007ff83e950000 - 0x00007ff83e9ca000 	C:\Windows\System32\bcryptPrimitives.dll
0x00007ff842010000 - 0x00007ff84203d000 	C:\Windows\System32\IMM32.DLL
0x00007ff821710000 - 0x00007ff8217ff000 	C:\Program Files\Java\jdk-10.0.2\bin\msvcr120.dll
0x00007ff82abc0000 - 0x00007ff82ac66000 	C:\Program Files\Java\jdk-10.0.2\bin\msvcp120.dll
0x0000000058870000 - 0x00000000592e0000 	C:\Program Files\Java\jdk-10.0.2\bin\server\jvm.dll
0x00007ff841f50000 - 0x00007ff841f58000 	C:\Windows\System32\PSAPI.DLL
0x00007ff82ea00000 - 0x00007ff82ea09000 	C:\Windows\SYSTEM32\WSOCK32.dll
0x00007ff836260000 - 0x00007ff836283000 	C:\Windows\SYSTEM32\WINMM.dll
0x00007ff841780000 - 0x00007ff8417ec000 	C:\Windows\System32\WS2_32.dll
0x00007ff836230000 - 0x00007ff83625a000 	C:\Windows\SYSTEM32\winmmbase.dll
0x00007ff83f100000 - 0x00007ff83f149000 	C:\Windows\System32\cfgmgr32.dll
0x00007ff83bfd0000 - 0x00007ff83bfdf000 	C:\Program Files\Java\jdk-10.0.2\bin\verify.dll
0x00007ff836f50000 - 0x00007ff837119000 	C:\Windows\SYSTEM32\DBGHELP.DLL
0x00007ff837ae0000 - 0x00007ff837b09000 	C:\Windows\SYSTEM32\dbgcore.DLL
0x00007ff836310000 - 0x00007ff836337000 	C:\Program Files\Java\jdk-10.0.2\bin\java.dll
0x00007ff82a9e0000 - 0x00007ff82aa16000 	C:\Program Files\Java\jdk-10.0.2\bin\jdwp.dll
0x00007ff834ee0000 - 0x00007ff834f0a000 	C:\Program Files\Java\jdk-10.0.2\bin\instrument.dll
0x00007ff835a90000 - 0x00007ff835aa6000 	C:\Program Files\Java\jdk-10.0.2\bin\zip.dll
0x00007ff83bfc0000 - 0x00007ff83bfca000 	C:\Program Files\Java\jdk-10.0.2\bin\jimage.dll
0x00007ff83fef0000 - 0x00007ff84132f000 	C:\Windows\System32\SHELL32.dll
0x00007ff841f60000 - 0x00007ff842009000 	C:\Windows\System32\shcore.dll
0x00007ff83e9f0000 - 0x00007ff83f0fd000 	C:\Windows\System32\windows.storage.dll
0x00007ff841800000 - 0x00007ff841851000 	C:\Windows\System32\shlwapi.dll
0x00007ff83e890000 - 0x00007ff83e8a1000 	C:\Windows\System32\kernel.appcore.dll
0x00007ff83e8c0000 - 0x00007ff83e8df000 	C:\Windows\System32\profapi.dll
0x00007ff83e8e0000 - 0x00007ff83e92c000 	C:\Windows\System32\powrprof.dll
0x00007ff83e8b0000 - 0x00007ff83e8ba000 	C:\Windows\System32\FLTLIB.DLL
0x00007ff837970000 - 0x00007ff83797a000 	C:\Program Files\Java\jdk-10.0.2\bin\dt_socket.dll
0x00007ff83e110000 - 0x00007ff83e176000 	C:\Windows\system32\mswsock.dll
0x00007ff834e30000 - 0x00007ff834e4a000 	C:\Program Files\Java\jdk-10.0.2\bin\net.dll
0x00007ff838500000 - 0x00007ff8385dc000 	C:\Windows\SYSTEM32\WINHTTP.dll
0x00007ff834880000 - 0x00007ff834891000 	C:\Program Files\Java\jdk-10.0.2\bin\nio.dll
0x00007ff83ded0000 - 0x00007ff83df8e000 	C:\Windows\SYSTEM32\DNSAPI.dll
0x00007ff8417f0000 - 0x00007ff8417f8000 	C:\Windows\System32\NSI.dll
0x00007ff83de90000 - 0x00007ff83dec8000 	C:\Windows\SYSTEM32\IPHLPAPI.DLL
0x00007ff837d00000 - 0x00007ff837d0a000 	C:\Windows\System32\rasadhlp.dll
0x00007ff8372e0000 - 0x00007ff837352000 	C:\Windows\System32\fwpuclnt.dll
0x00007ff83e3f0000 - 0x00007ff83e415000 	C:\Windows\SYSTEM32\bcrypt.dll
0x00007ff8349a0000 - 0x00007ff8349ab000 	C:\Program Files\Java\jdk-10.0.2\bin\sunmscapi.dll
0x00007ff83f6d0000 - 0x00007ff83f8b2000 	C:\Windows\System32\CRYPT32.dll
0x00007ff83e930000 - 0x00007ff83e942000 	C:\Windows\System32\MSASN1.dll
0x00007ff82a9b0000 - 0x00007ff82a9d3000 	C:\Program Files\Java\jdk-10.0.2\bin\sunec.dll
0x00007ff83e2c0000 - 0x00007ff83e2d7000 	C:\Windows\SYSTEM32\CRYPTSP.dll
0x00007ff83dcf0000 - 0x00007ff83dd23000 	C:\Windows\system32\rsaenh.dll
0x00007ff83e790000 - 0x00007ff83e7b8000 	C:\Windows\SYSTEM32\USERENV.dll
0x00007ff83e2e0000 - 0x00007ff83e2eb000 	C:\Windows\SYSTEM32\CRYPTBASE.dll
0x00007ff838c20000 - 0x00007ff838c36000 	C:\Windows\SYSTEM32\dhcpcsvc6.DLL
0x00007ff838c00000 - 0x00007ff838c1a000 	C:\Windows\SYSTEM32\dhcpcsvc.DLL

dbghelp: loaded successfully - version: 4.0.5 - missing functions: none
symbol engine: initialized successfully - sym options: 0x614 - pdb path: .;C:\Program Files\Java\jdk-10.0.2\bin;C:\Windows\SYSTEM32;C:\Windows\WinSxS\amd64_microsoft.windows.common-controls_6595b64144ccf1df_6.0.17134.345_none_fb429a5930656358;C:\Program Files\Java\jdk-10.0.2\bin\server

VM Arguments:
jvm_args: -agentlib:jdwp=transport=dt_socket,address=127.0.0.1:51099,suspend=y,server=n -ea -Didea.test.cyclic.buffer.size=1048576 -javaagent:C:\Users\PRAMOD~1\AppData\Local\Temp\captureAgent523jars\debugger-agent.jar=file:/C:/Users/PRAMOD~1/AppData/Local/Temp/capture.props -Dfile.encoding=UTF-8 
java_command: com.intellij.rt.execution.junit.JUnitStarter -ideVersion5 -junit4 sandboxTest,startWebDriver
java_class_path (initial): C:\Program Files\JetBrains\IntelliJ IDEA Community Edition 2018.2.1\lib\idea_rt.jar;C:\Program Files\JetBrains\IntelliJ IDEA Community Edition 2018.2.1\plugins\junit\lib\junit-rt.jar;C:\Program Files\JetBrains\IntelliJ IDEA Community Edition 2018.2.1\plugins\junit\lib\junit5-rt.jar;D:\IntelliJIdeaProjects\Ingenico\target\test-classes;C:\Users\Pramod Yadav\.m2\repository\org\seleniumhq\selenium\selenium-server\3.0.1\selenium-server-3.0.1.jar;C:\Users\Pramod Yadav\.m2\repository\org\seleniumhq\selenium\selenium-java\3.0.1\selenium-java-3.0.1.jar;C:\Users\Pramod Yadav\.m2\repository\org\seleniumhq\selenium\selenium-chrome-driver\3.0.1\selenium-chrome-driver-3.0.1.jar;C:\Users\Pramod Yadav\.m2\repository\org\seleniumhq\selenium\selenium-remote-driver\3.0.1\selenium-remote-driver-3.0.1.jar;C:\Users\Pramod Yadav\.m2\repository\org\seleniumhq\selenium\selenium-api\3.0.1\selenium-api-3.0.1.jar;C:\Users\Pramod Yadav\.m2\repository\cglib\cglib-nodep\3.2.4\cglib-nodep-3.2.4.jar;C:\Users\Pramod Yadav\.m2\repository\org\apache\commons\commons-exec\1.3\commons-exec-1.3.jar;C:\Users\Pramod Yadav\.m2\repository\com\google\code\gson\gson\2.3.1\gson-2.3.1.jar;C:\Users\Pramod Yadav\.m2\repository\com\google\guava\guava\19.0\guava-19.0.jar;C:\Users\Pramod Yadav\.m2\repository\net\java\dev\jna\jna-platform\4.1.0\jna-platform-4.1.0.jar;C:\Users\Pramod Yadav\.m2\repository\net\java\dev\jna\jna\4.1.0\jna-4.1.0.jar;C:\Users\Pramod Yadav\.m2\repository\org\seleniumhq\selenium\selenium-edge-driver\3.0.1\selenium-edge-driver-3.0.1.jar;C:\Users\Pramod Yadav\.m2\repository\org\seleniumhq\selenium\selenium-firefox-driver\3.0.1\selenium-firefox-driver-3.0.1.jar;C:\Users\Pramod Yadav\.m2\repository\org\seleniumhq\selenium\selenium-ie-driver\3.0.1\selenium-ie-driver-3.0.1.jar;C:\Users\Pramod Yadav\.m2\repository\org\seleniumhq\selenium\selenium-opera-driver\3.0.1\selenium-opera-driver-3.0.1.jar;C:\Users\Pramod Yadav\.m2\repository\org\seleniumhq\selenium\selenium-safari-
Launcher Type: SUN_STANDARD

Logging:
Log output configuration:
#0: stdout all=warning uptime,level,tags
#1: stderr all=off uptime,level,tags

Environment Variables:
JAVA_HOME=C:\Program Files\Java\jdk-10.0.2
PATH=C:\Program Files (x86)\Common Files\Oracle\Java\javapath;C:\Program Files (x86)\Intel\Intel(R) Management Engine Components\iCLS\;C:\Program Files\Intel\Intel(R) Management Engine Components\iCLS\;C:\Windows\system32;C:\Windows;C:\Windows\System32\Wbem;C:\Windows\System32\WindowsPowerShell\v1.0\;C:\Windows\System32\OpenSSH\;C:\Program Files (x86)\Intel\Intel(R) Management Engine Components\DAL;C:\Program Files\Intel\Intel(R) Management Engine Components\DAL;C:\Program Files (x86)\Intel\Intel(R) Management Engine Components\IPT;C:\Program Files\Intel\Intel(R) Management Engine Components\IPT;C:\Program Files\Intel\WiFi\bin\;C:\Program Files\Common Files\Intel\WirelessCommon\;C:\Program Files\SourceGear\Common\DiffMerge\;C:\Program Files\Apache\maven\bin;C:\Program Files\Git\cmd;C:\Program Files\Java\jdk-10.0.2\bin;C:\Users\Pramod Yadav\AppData\Local\Microsoft\WindowsApps;C:\Users\Pramod Yadav\AppData\Local\GitHubDesktop\bin;C:\Program Files\Apache\maven\bin;
USERNAME=Pramod Yadav
OS=Windows_NT
PROCESSOR_IDENTIFIER=Intel64 Family 6 Model 158 Stepping 9, GenuineIntel



---------------  S Y S T E M  ---------------

OS: Windows 10 , 64 bit Build 17134 (10.0.17134.1)

CPU:total 8 (initial active 8) (4 cores per cpu, 2 threads per core) family 6 model 158 stepping 9, cmov, cx8, fxsr, mmx, sse, sse2, sse3, ssse3, sse4.1, sse4.2, popcnt, avx, avx2, aes, clmul, erms, 3dnowpref, lzcnt, ht, tsc, tscinvbit, bmi1, bmi2, adx, fma

Memory: 4k page, physical 16693680k(9956344k free), swap 19184048k(6903380k free)

vm_info: Java HotSpot(TM) 64-Bit Server VM (10.0.2+13) for windows-amd64 JRE (10.0.2+13), built on Jun 28 2018 01:57:56 by "mach5one" with MS VC++ 12.0 (VS2013)

END.
